1.205393505689353333e+02 1.042033906250000000e+05 8.913338661193847656e+00
1.205597850791891688e+02 1.041971953125000000e+05 8.912982940673828125e+00
1.205802194894422428e+02 1.041861406250000000e+05 8.912583351135253906e+00
1.206006540996895637e+02 1.041976796875000000e+05 8.912976264953613281e+00
1.206210886098269839e+02 1.041960859375000000e+05 8.913003921508789062e+00
1.206415230198472273e+02 1.041917031250000000e+05 8.912785530090332031e+00
1.206619575298609561e+02 1.041924531250000000e+05 8.912854194641113281e+00
1.206823921398827224e+02 1.041959765625000000e+05 8.913046836853027344e+00
1.207028265497865505e+02 1.041668828125000000e+05 8.912024497985839844e+00
1.207232610596838640e+02 1.041990078125000000e+05 8.912963867187500000e+00
1.207436956694727996e+02 1.041864140625000000e+05 8.911177635192871094e+00
1.207641300792602124e+02 1.041859453125000000e+05 8.912798881530761719e+00
1.207845645889246953e+02 1.042180312500000000e+05 8.913776397705078125e+00
1.208049990985964541e+02 1.041873281250000000e+05 8.909676551818847656e+00
1.208254336082682130e+02 1.041765937500000000e+05 8.910905838012695312e+00
1.208458681178162806e+02 1.041801171875000000e+05 8.909462928771972656e+00
1.208663026272552088e+02 1.041627031250000000e+05 8.908857345581054688e+00
1.208867372366948985e+02 1.041806484375000000e+05 8.909661293029785156e+00
1.209071716461257893e+02 1.041892578125000000e+05 8.910364151000976562e+00
1.209276061554483022e+02 1.041811796875000000e+05 8.909577369689941406e+00
1.209480407647643005e+02 1.041876796875000000e+05 8.909869194030761719e+00
1.209684751739696367e+02 1.041876093750000000e+05 8.909700393676757812e+00
1.209889096831757342e+02 1.041901640625000000e+05 8.909772872924804688e+00
1.210093440923810704e+02 1.041741093750000000e+05 8.909365653991699219e+00
1.210297787014642381e+02 1.041904453125000000e+05 8.909889221191406250e+00
1.210502132104375050e+02 1.041829687500000000e+05 8.909676551818847656e+00
1.210706477194107720e+02 1.041801718750000000e+05 8.909498214721679688e+00
1.210910822283767629e+02 1.041782187500000000e+05 8.909453392028808594e+00
1.211115167372336145e+02 1.041823281250000000e+05 8.909784317016601562e+00
1.211319512459740508e+02 1.041839062500000000e+05 8.909759521484375000e+00
1.211523856547064497e+02 1.041669140625000000e+05 8.908984184265136719e+00
1.211728202634476474e+02 1.041934765625000000e+05 8.909984588623046875e+00
1.211932547720716684e+02 1.041717421875000000e+05 8.909276008605957031e+00
1.212136891806876520e+02 1.041782812500000000e+05 8.909468650817871094e+00
1.212341237893124344e+02 1.041768359375000000e+05 8.909422874450683594e+00
1.212545582977036247e+02 1.041850703125000000e+05 8.909692764282226562e+00
1.212749927062031929e+02 1.041809062500000000e+05 8.909596443176269531e+00
1.212954272145943833e+02 1.041726328125000000e+05 8.909171104431152344e+00
1.213158618228699197e+02 1.041991406250000000e+05 8.913067817687988281e+00
1.213362963311374187e+02 1.041934140625000000e+05 8.909899711608886719e+00
1.213567307392950170e+02 1.041849765625000000e+05 8.912518501281738281e+00
1.213771653475705534e+02 1.041883046875000000e+05 8.909725189208984375e+00
1.213975998556052218e+02 1.041663203125000000e+05 8.909893989562988281e+00
1.214180342636464047e+02 1.042048281250000000e+05 8.913290023803710938e+00
1.214384687716883491e+02 1.041557500000000000e+05 8.909617424011230469e+00
1.214589033796073636e+02 1.042030234375000000e+05 8.913191795349121094e+00
1.214793377874157159e+02 1.041899687500000000e+05 8.912703514099121094e+00
1.214997722952248296e+02 1.041835546875000000e+05 8.912498474121093750e+00
1.215202068030266673e+02 1.041839375000000000e+05 8.912475585937500000e+00
1.215406414107201272e+02 1.041814609375000000e+05 8.912373542785644531e+00
1.215610759184128256e+02 1.042143046875000000e+05 8.913547515869140625e+00
1.215815103259810712e+02 1.041856953125000000e+05 8.912992477416992188e+00
1.216019449335581157e+02 1.041962421875000000e+05 8.912907600402832031e+00
1.216223794410179835e+02 1.041982109375000000e+05 8.912891387939453125e+00
1.216428138484698138e+02 1.041816718750000000e+05 8.912359237670898438e+00
1.216632483558132662e+02 1.041936796875000000e+05 8.912681579589843750e+00
1.216836829631574801e+02 1.041888203125000000e+05 8.912663459777832031e+00
1.217041173703764798e+02 1.041793750000000000e+05 8.912297248840332031e+00
1.217245518776035169e+02 1.041858281250000000e+05 8.912459373474121094e+00
1.217449864847149001e+02 1.041913203125000000e+05 8.912664413452148438e+00
1.217654208918174845e+02 1.042032968750000000e+05 8.913101196289062500e+00
1.217858553988116910e+02 1.041836171875000000e+05 8.912396430969238281e+00
1.218062899058058974e+02 1.041788437500000000e+05 8.912219047546386719e+00
1.218267244127928279e+02 1.041856406250000000e+05 8.912363052368164062e+00
1.218471589195542037e+02 1.041867734375000000e+05 8.912428855895996094e+00
1.218675934264319949e+02 1.041912656250000000e+05 8.912554740905761719e+00
1.218880279331860947e+02 1.041834062500000000e+05 8.912394523620605469e+00
1.219084624398310552e+02 1.041890312500000000e+05 8.912620544433593750e+00
1.219288969464760157e+02 1.041904453125000000e+05 8.912495613098144531e+00
1.219493313529965235e+02 1.042000859375000000e+05 8.912818908691406250e+00
1.219697659595258301e+02 1.041757187500000000e+05 8.912005424499511719e+00
1.219902004659379600e+02 1.041867734375000000e+05 8.912394523620605469e+00
1.220106348723493284e+02 1.041990390625000000e+05 8.912820816040039062e+00
1.220310694787549437e+02 1.041971640625000000e+05 8.912716865539550781e+00
1.220515039850506582e+02 1.042107968750000000e+05 8.913251876831054688e+00
1.220719384912226815e+02 1.041728515625000000e+05 8.911890983581542969e+00
1.220923728974012192e+02 1.041611171875000000e+05 8.911469459533691406e+00
1.221128075034648646e+02 1.041921171875000000e+05 8.912562370300292969e+00
1.221332420095204725e+02 1.041868906250000000e+05 8.912322044372558594e+00
1.221536764154661796e+02 1.041828125000000000e+05 8.912491798400878906e+00
1.221741110214134096e+02 1.041850781250000000e+05 8.912502288818359375e+00
1.221945455272361869e+02 1.041902031250000000e+05 8.912528038024902344e+00
1.222149799330654787e+02 1.042176875000000000e+05 8.913360595703125000e+00
1.222354144388955319e+02 1.041782968750000000e+05 8.912068367004394531e+00
1.222558490444862400e+02 1.041919843750000000e+05 8.912578582763671875e+00
1.222762834501991165e+02 1.041919062500000000e+05 8.912585258483886719e+00
1.222967179556799238e+02 1.041715937500000000e+05 8.911826133728027344e+00
1.223171525612706318e+02 1.041912578125000000e+05 8.912498474121093750e+00
1.223375869666342624e+02 1.041805859375000000e+05 8.912042617797851562e+00
1.223580214719986543e+02 1.041791796875000000e+05 8.912081718444824219e+00
1.223784559773557703e+02 1.041900156250000000e+05 8.912484169006347656e+00
1.223988905826045084e+02 1.041925781250000000e+05 8.912533760070800781e+00
1.224193249878517236e+02 1.041747500000000000e+05 8.911838531494140625e+00
1.224397594929760089e+02 1.041890703125000000e+05 8.912377357482910156e+00
1.224601940981083317e+02 1.041942187500000000e+05 8.912541389465332031e+00
1.224806285031227162e+02 1.042018203125000000e+05 8.912773132324218750e+00
1.225010630080141709e+02 1.041881015625000000e+05 8.910862922668457031e+00
1.225214974130285555e+02 1.041822578125000000e+05 8.909288406372070312e+00
1.225419320178116322e+02 1.041820937500000000e+05 8.912118911743164062e+00
1.225623665225866716e+02 1.041841406250000000e+05 8.912128448486328125e+00
1.225828010273689870e+02 1.041887578125000000e+05 8.909358024597167969e+00
1.226032355320348870e+02 1.041706640625000000e+05 8.908782958984375000e+00
1.226236700365770957e+02 1.041957187500000000e+05 8.909625053405761719e+00
1.226441045411265804e+02 1.042098906250000000e+05 8.910134315490722656e+00
1.226645389455588884e+02 1.041945859375000000e+05 8.909491539001464844e+00
1.226849735499854432e+02 1.041836562500000000e+05 8.909206390380859375e+00
1.227054080543020973e+02 1.041834921875000000e+05 8.909209251403808594e+00
1.227258424586179899e+02 1.042049843750000000e+05 8.909866333007812500e+00
1.227462770628117141e+02 1.041866328125000000e+05 8.909280776977539062e+00
1.227667115670119529e+02 1.041928281250000000e+05 8.909524917602539062e+00
1.227871459710950148e+02 1.041829140625000000e+05 8.909163475036621094e+00
1.228075804751715623e+02 1.041960937500000000e+05 8.909624099731445312e+00
1.228280150791397318e+02 1.041862421875000000e+05 8.909231185913085938e+00
1.228484495831071399e+02 1.041912968750000000e+05 8.909455299377441406e+00
1.228688840869508567e+02 1.041831015625000000e+05 8.909104347229003906e+00
1.228893185906854342e+02 1.041967343750000000e+05 8.909617424011230469e+00
1.229097530944200116e+02 1.041836484375000000e+05 8.909020423889160156e+00
1.229301875981473131e+02 1.041757187500000000e+05 8.908828735351562500e+00
1.229506220017647138e+02 1.041762187500000000e+05 8.908862113952636719e+00
1.229710566052672220e+02 1.041919062500000000e+05 8.909372329711914062e+00
1.229914911087616929e+02 1.041949375000000000e+05 8.909510612487792969e+00
1.230119255121462629e+02 1.041940625000000000e+05 8.909377098083496094e+00
1.230323601155323558e+02 1.041954531250000000e+05 8.909431457519531250e+00
1.230527946187939961e+02 1.041793671875000000e+05 8.908888816833496094e+00
1.230732291219464969e+02 1.041971953125000000e+05 8.909452438354492188e+00
1.230936635252146516e+02 1.041863750000000000e+05 8.909080505371093750e+00
1.231140981282442226e+02 1.041775390625000000e+05 8.908896446228027344e+00
1.231345326312803081e+02 1.041959765625000000e+05 8.909518241882324219e+00
1.231549670341992169e+02 1.041923125000000000e+05 8.909298896789550781e+00
1.231754016371123726e+02 1.041789531250000000e+05 8.908916473388671875e+00
1.231958361400320427e+02 1.041839453125000000e+05 8.909048080444335938e+00
1.232162705427181209e+02 1.041769687500000000e+05 8.908868789672851562e+00
1.232367050455213757e+02 1.041850859375000000e+05 8.909143447875976562e+00
1.232571396480852854e+02 1.042003828125000000e+05 8.909494400024414062e+00
1.232775740506549482e+02 1.042051328125000000e+05 8.909725189208984375e+00
1.233184431556728669e+02 1.041886640625000000e+05 8.909277915954589844e+00
1.233388775580096990e+02 1.042093828125000000e+05 8.909843444824218750e+00
1.233593120603472926e+02 1.041784218750000000e+05 8.908950805664062500e+00
1.233797465626776102e+02 1.041823828125000000e+05 8.908990859985351562e+00
1.234001811647831346e+02 1.041851718750000000e+05 8.909007072448730469e+00
1.234206155669962754e+02 1.041957578125000000e+05 8.909452438354492188e+00
1.234410500689846231e+02 1.041769375000000000e+05 8.908819198608398438e+00
1.234614846709737321e+02 1.041895625000000000e+05 8.909235000610351562e+00
1.234819190729613183e+02 1.041963515625000000e+05 8.909393310546875000e+00
1.235023535748259746e+02 1.041959609375000000e+05 8.909477233886718750e+00
1.235227879765807302e+02 1.042009140625000000e+05 8.909535408020019531e+00
1.235432225783297326e+02 1.041845781250000000e+05 8.909067153930664062e+00
1.235636570799688343e+02 1.041918593750000000e+05 8.909257888793945312e+00
1.235840915816079360e+02 1.041845000000000000e+05 8.909060478210449219e+00
1.236045260831306223e+02 1.041840468750000000e+05 8.908971786499023438e+00
1.236249605846460327e+02 1.041807187500000000e+05 8.908892631530761719e+00
1.236453950860523037e+02 1.041621796875000000e+05 8.908193588256835938e+00
1.236658294873413979e+02 1.041914296875000000e+05 8.909265518188476562e+00
1.236862640886247391e+02 1.041969921875000000e+05 8.909396171569824219e+00
1.237066985897981795e+02 1.041787265625000000e+05 8.908865928649902344e+00
1.237271329909708584e+02 1.041897343750000000e+05 8.909216880798339844e+00
1.237475675920213689e+02 1.041800078125000000e+05 8.908903121948242188e+00
1.237680020930783940e+02 1.041933828125000000e+05 8.909418106079101562e+00
1.237884364940182422e+02 1.041963359375000000e+05 8.909512519836425781e+00
1.238088709948351607e+02 1.041692109375000000e+05 8.908493041992187500e+00
1.238293055956601165e+02 1.041853203125000000e+05 8.909014701843261719e+00
1.238497399963671342e+02 1.041875390625000000e+05 8.909193038940429688e+00
1.238701744970676373e+02 1.041796718750000000e+05 8.908945083618164062e+00
1.238906090976597625e+02 1.041892187500000000e+05 8.909131050109863281e+00
1.239110435981274350e+02 1.041669921875000000e+05 8.908388137817382812e+00
1.239314779986016219e+02 1.041949218750000000e+05 8.909303665161132812e+00
1.239519124990765704e+02 1.041563750000000000e+05 8.908026695251464844e+00
1.239723470993121737e+02 1.041567187500000000e+05 8.908021926879882812e+00
1.239927814995535300e+02 1.041811406250000000e+05 8.908994674682617188e+00
1.240132159997956478e+02 1.041868281250000000e+05 8.909108161926269531e+00
1.240336505999148358e+02 1.041757265625000000e+05 8.908729553222656250e+00
1.240540849999233615e+02 1.041832500000000000e+05 8.908896446228027344e+00
1.240745194999326486e+02 1.041610312500000000e+05 8.908351898193359375e+00
1.240949539998255204e+02 1.041771406250000000e+05 8.908748626708984375e+00
1.241153884997111163e+02 1.041692265625000000e+05 8.908531188964843750e+00
1.241358229994875728e+02 1.041807968750000000e+05 8.908790588378906250e+00
1.241562574992567534e+02 1.041510390625000000e+05 8.907797813415527344e+00
1.241766920989175560e+02 1.041838750000000000e+05 8.909015655517578125e+00
1.241971264984604204e+02 1.041713750000000000e+05 8.908496856689453125e+00
1.242175609978876309e+02 1.041768593750000000e+05 8.908762931823730469e+00
1.242379954974239809e+02 1.041872500000000000e+05 8.909055709838867188e+00
1.242584299967347761e+02 1.041893984375000000e+05 8.909210205078125000e+00
1.242788644960382953e+02 1.041876640625000000e+05 8.909169197082519531e+00
1.242992989952326752e+02 1.041812890625000000e+05 8.908900260925292969e+00
1.243197335944278166e+02 1.041757187500000000e+05 8.908358573913574219e+00
1.243401679935050197e+02 1.041795312500000000e+05 8.908177375793457031e+00
1.243606024925757083e+02 1.041798671875000000e+05 8.908193588256835938e+00
1.243810369914208422e+02 1.041794453125000000e+05 8.908832550048828125e+00
1.244014714903751155e+02 1.040820625000000000e+05 8.905488967895507812e+00
1.244219059891038341e+02 1.036196328125000000e+05 8.888616561889648438e+00
1.244423404879489681e+02 1.034861953125000000e+05 8.884075164794921875e+00
1.244627750865547569e+02 1.034540859375000000e+05 8.882985115051269531e+00
1.244832094851662987e+02 1.034128515625000000e+05 8.881528854370117188e+00
1.245036439836621867e+02 1.034055859375000000e+05 8.881287574768066406e+00
1.245240783821573132e+02 1.033923750000000000e+05 8.880787849426269531e+00
1.245445129805302713e+02 1.034342343750000000e+05 8.882190704345703125e+00
1.245649474787933286e+02 1.034863984375000000e+05 8.884071350097656250e+00
1.245853818770556245e+02 1.035713359375000000e+05 8.887131690979003906e+00
1.246058164753121673e+02 1.039796250000000000e+05 8.901263236999511719e+00
1.246262509733423940e+02 1.041764218750000000e+05 8.908378601074218750e+00
1.246466854713653447e+02 1.041725234375000000e+05 8.908209800720214844e+00
1.246671198693948099e+02 1.041638359375000000e+05 8.908064842224121094e+00
1.246875544671929674e+02 1.041720156250000000e+05 8.908602714538574219e+00
1.247079889651067788e+02 1.041715781250000000e+05 8.907932281494140625e+00
1.247284233627797221e+02 1.041946328125000000e+05 8.909393310546875000e+00
1.247488579604614642e+02 1.041809296875000000e+05 8.908220291137695312e+00
1.247692924581351690e+02 1.041571718750000000e+05 8.907819747924804688e+00
1.247897268555825576e+02 1.041829296875000000e+05 8.908392906188964844e+00
1.248101613530307077e+02 1.041761796875000000e+05 8.908921241760253906e+00
1.248305959504796192e+02 1.041794687500000000e+05 8.908517837524414062e+00
1.248510303478033165e+02 1.041767187500000000e+05 8.908488273620605469e+00
1.248714648450186360e+02 1.041813984375000000e+05 8.908256530761718750e+00
1.248918993421175401e+02 1.041762578125000000e+05 8.908334732055664062e+00
1.249123339392099297e+02 1.041830000000000000e+05 8.908559799194335938e+00
1.249327683363080723e+02 1.041854687500000000e+05 8.908329963684082031e+00
1.249532028331741458e+02 1.041921718750000000e+05 8.909341812133789062e+00
1.249736374301501201e+02 1.041842890625000000e+05 8.908281326293945312e+00
1.249940718268990167e+02 1.041740546875000000e+05 8.907893180847167969e+00
1.250145063236486749e+02 1.041776640625000000e+05 8.908126831054687500e+00
1.250349407202738803e+02 1.041655546875000000e+05 8.907565116882324219e+00
1.250553753169078846e+02 1.041635859375000000e+05 8.907599449157714844e+00
1.250758098134247120e+02 1.042085546875000000e+05 8.910700798034667969e+00
1.250962443098178483e+02 1.041807656250000000e+05 8.908134460449218750e+00
1.251166788062182604e+02 1.041919453125000000e+05 8.908588409423828125e+00
1.251371133025022573e+02 1.041658437500000000e+05 8.907625198364257812e+00
1.251575477986625629e+02 1.041736875000000000e+05 8.907828330993652344e+00
1.251779821948293829e+02 1.041789609375000000e+05 8.907950401306152344e+00
1.251984167908813106e+02 1.041838828125000000e+05 8.908239364624023438e+00
1.252188512869252008e+02 1.041707343750000000e+05 8.907759666442871094e+00
1.252392856828591903e+02 1.041634687500000000e+05 8.907503128051757812e+00
1.252597202786782873e+02 1.041804921875000000e+05 8.908109664916992188e+00
1.252801547744893469e+02 1.041708046875000000e+05 8.907696723937988281e+00
1.253005891701905057e+02 1.041740703125000000e+05 8.907855987548828125e+00
1.253210236657760106e+02 1.041799609375000000e+05 8.908120155334472656e+00
1.253414582613550010e+02 1.041845859375000000e+05 8.908258438110351562e+00
1.253618926568233292e+02 1.041754218750000000e+05 8.907927513122558594e+00
1.253823271521760034e+02 1.041845000000000000e+05 8.908179283142089844e+00
1.254027617475221632e+02 1.041738906250000000e+05 8.907833099365234375e+00
1.254231962427584222e+02 1.041750625000000000e+05 8.907800674438476562e+00
1.254436306379939197e+02 1.041702109375000000e+05 8.907652854919433594e+00
1.254640651331064873e+02 1.041561562500000000e+05 8.907206535339355469e+00
1.254844997281106771e+02 1.041709609375000000e+05 8.907769203186035156e+00
1.255049341231133440e+02 1.041740390625000000e+05 8.907857894897460938e+00
1.255253686179930810e+02 1.041767968750000000e+05 8.907972335815429688e+00
1.255458032127644401e+02 1.041624062500000000e+05 8.907409667968750000e+00
1.255662376075342763e+02 1.041474609375000000e+05 8.906908988952636719e+00
1.255866721021811827e+02 1.041619375000000000e+05 8.907380104064941406e+00
1.256071065967189497e+02 1.041577812500000000e+05 8.907320022583007812e+00
1.256275410912567168e+02 1.041717500000000000e+05 8.910069465637207031e+00
1.256479756856715539e+02 1.041533906250000000e+05 8.909340858459472656e+00
1.256684100799757289e+02 1.041578671875000000e+05 8.907317161560058594e+00
1.256888446742814267e+02 1.041577265625000000e+05 8.907280921936035156e+00
1.257092791684626718e+02 1.041670937500000000e+05 8.907652854919433594e+00
1.257297135625340161e+02 1.041574609375000000e+05 8.907191276550292969e+00
1.257501480566061218e+02 1.041608203125000000e+05 8.907299995422363281e+00
1.257705826505552977e+02 1.041685625000000000e+05 8.907474517822265625e+00
1.257910170443938114e+02 1.041734218750000000e+05 8.907717704772949219e+00
1.258114515382330865e+02 1.041579296875000000e+05 8.907281875610351562e+00
1.258318861319494317e+02 1.041726796875000000e+05 8.907711982727050781e+00
1.258523205256715300e+02 1.041709921875000000e+05 8.907631874084472656e+00
1.258727550191615592e+02 1.041644609375000000e+05 8.907430648803710938e+00
1.258931895126443123e+02 1.041604609375000000e+05 8.907374382019042969e+00
1.259136240061343415e+02 1.041604375000000000e+05 8.907292366027832031e+00
1.259340584995079553e+02 1.041623046875000000e+05 8.907396316528320312e+00
1.259544929927578778e+02 1.041662265625000000e+05 8.909720420837402344e+00
1.259749275858994224e+02 1.041636484375000000e+05 8.909570693969726562e+00
1.259953619790394441e+02 1.041513437500000000e+05 8.909163475036621094e+00
1.260157964720565360e+02 1.041559609375000000e+05 8.909385681152343750e+00
1.260362308649637271e+02 1.041794296875000000e+05 8.910138130187988281e+00
1.260566654578724410e+02 1.041773984375000000e+05 8.910090446472167969e+00
1.260770999506567023e+02 1.041555156250000000e+05 8.909328460693359375e+00
1.260975343434474780e+02 1.041633437500000000e+05 8.909671783447265625e+00
1.261179689361233613e+02 1.041621875000000000e+05 8.909753799438476562e+00
1.261384034286747919e+02 1.041724843750000000e+05 8.909954071044921875e+00
1.261588379211170832e+02 1.041459531250000000e+05 8.909110069274902344e+00
1.261792723135586130e+02 1.041560859375000000e+05 8.909390449523925781e+00
1.261997069058779744e+02 1.041400390625000000e+05 8.908880233764648438e+00
1.262201413980874349e+02 1.041729921875000000e+05 8.909970283508300781e+00
1.262405757902961341e+02 1.041616796875000000e+05 8.909608840942382812e+00
1.262814448743592948e+02 1.041509765625000000e+05 8.909174919128417969e+00
1.263018792663351633e+02 1.041551250000000000e+05 8.909365653991699219e+00
1.263223137581881019e+02 1.041583281250000000e+05 8.909443855285644531e+00
1.263427483499326627e+02 1.041698281250000000e+05 8.909864425659179688e+00
1.263631827416757005e+02 1.041636875000000000e+05 8.909729957580566406e+00
1.263836172332958085e+02 1.041702343750000000e+05 8.909850120544433594e+00
1.264040518248075387e+02 1.041686406250000000e+05 8.909852027893066406e+00
1.264244863163185073e+02 1.041688750000000000e+05 8.909818649291992188e+00
1.264449207075886079e+02 1.041584296875000000e+05 8.909514427185058594e+00
1.264653551989831612e+02 1.041488437500000000e+05 8.909219741821289062e+00
1.264857897901456454e+02 1.041519218750000000e+05 8.909371376037597656e+00
1.265062241812993307e+02 1.041541093750000000e+05 8.909561157226562500e+00
1.265266586723446380e+02 1.041454843750000000e+05 8.909070014953613281e+00
1.265470930632727686e+02 1.041575937500000000e+05 8.909534454345703125e+00
1.265675276541951462e+02 1.041443750000000000e+05 8.909152030944824219e+00
1.265879621450076229e+02 1.041503437500000000e+05 8.909340858459472656e+00
1.266083966358200996e+02 1.041607734375000000e+05 8.909642219543457031e+00
1.266288311263924697e+02 1.041501484375000000e+05 8.909392356872558594e+00
1.266492656169721158e+02 1.041519609375000000e+05 8.909520149230957031e+00
1.266697001075517619e+02 1.041526640625000000e+05 8.909357070922851562e+00
1.266901344978978159e+02 1.041646640625000000e+05 8.909825325012207031e+00
1.267105690882381168e+02 1.041454609375000000e+05 8.909229278564453125e+00
1.267310035784685169e+02 1.041581796875000000e+05 8.909623146057128906e+00
1.267514379686908796e+02 1.041575546875000000e+05 8.909584999084472656e+00
1.267718725588056259e+02 1.041565781250000000e+05 8.909517288208007812e+00
1.267923070488031954e+02 1.041625312500000000e+05 8.909688949584960938e+00
1.268127414386835881e+02 1.041698984375000000e+05 8.910044670104980469e+00
1.268331759285574662e+02 1.041432578125000000e+05 8.909124374389648438e+00
1.268536105183229665e+02 1.041547656250000000e+05 8.909501075744628906e+00
1.268740449079632526e+02 1.041547187500000000e+05 8.909473419189453125e+00
1.268944793974951608e+02 1.041532421875000000e+05 8.909408569335937500e+00
1.269149139870278304e+02 1.041438046875000000e+05 8.909060478210449219e+00
1.269353484764360473e+02 1.041467968750000000e+05 8.909132003784179688e+00
1.269557828658507788e+02 1.041513593750000000e+05 8.909286499023437500e+00
1.269762173551498563e+02 1.041528984375000000e+05 8.909452438354492188e+00
1.269966519443260040e+02 1.041593906250000000e+05 8.909611701965332031e+00
1.270170864333922509e+02 1.041552109375000000e+05 8.909530639648437500e+00
1.270375208224577364e+02 1.041308437500000000e+05 8.908673286437988281e+00
1.270579554112846381e+02 1.041549609375000000e+05 8.909506797790527344e+00
1.270783899002344697e+02 1.041444609375000000e+05 8.909161567687988281e+00
1.270988242889507092e+02 1.041651718750000000e+05 8.909852027893066406e+00
1.271192587776604341e+02 1.041498046875000000e+05 8.909265518188476562e+00
1.271396933662617812e+02 1.041458359375000000e+05 8.909196853637695312e+00
1.271601278547459515e+02 1.041641953125000000e+05 8.909739494323730469e+00
1.271805622432220844e+02 1.041594453125000000e+05 8.909606933593750000e+00
1.272009968315906008e+02 1.041373203125000000e+05 8.908792495727539062e+00
1.272214313198419404e+02 1.041560078125000000e+05 8.909458160400390625e+00
1.272418657080852427e+02 1.041431015625000000e+05 8.909043312072753906e+00
1.272623001961037517e+02 1.041646718750000000e+05 8.909783363342285156e+00
1.272827347841230221e+02 1.041428437500000000e+05 8.909036636352539062e+00
1.273031691721334937e+02 1.041289375000000000e+05 8.908560752868652344e+00
1.273236036599191721e+02 1.041283593750000000e+05 8.908502578735351562e+00
1.273440382477056119e+02 1.041444218750000000e+05 8.909640312194824219e+00
1.273644726353668375e+02 1.041279296875000000e+05 8.908545494079589844e+00
1.273849071230361005e+02 1.041133046875000000e+05 8.908041000366210938e+00
1.274053416104725329e+02 1.041255859375000000e+05 8.908443450927734375e+00
1.274257760979016894e+02 1.041187343750000000e+05 8.908237457275390625e+00
1.274462105852217064e+02 1.041201250000000000e+05 8.908238410949707031e+00
1.274666450725417235e+02 1.041333046875000000e+05 8.908730506896972656e+00
1.274870796597388107e+02 1.041276015625000000e+05 8.908575057983398438e+00
1.275075140468252357e+02 1.041152265625000000e+05 8.908078193664550781e+00
1.275279485337960068e+02 1.041272890625000000e+05 8.908523559570312500e+00
1.275483829207660165e+02 1.041242812500000000e+05 8.908925056457519531e+00
1.275688175074974424e+02 1.041136171875000000e+05 8.908052444458007812e+00
1.275892519943517982e+02 1.041159296875000000e+05 8.908172607421875000e+00
1.276096864809660474e+02 1.041585156250000000e+05 8.914650917053222656e+00
1.276301209675875725e+02 1.041223203125000000e+05 8.908711433410644531e+00
1.276505554540926823e+02 1.041132265625000000e+05 8.908088684082031250e+00
1.276709899404741009e+02 1.041187656250000000e+05 8.908123970031738281e+00
1.276914243267456186e+02 1.041209921875000000e+05 8.908196449279785156e+00
1.277118589130186592e+02 1.040977500000000000e+05 8.907415390014648438e+00
1.277322933991672471e+02 1.041011562500000000e+05 8.907648086547851562e+00
1.277527277852059342e+02 1.040930859375000000e+05 8.907420158386230469e+00
1.277731622712453827e+02 1.040976328125000000e+05 8.907469749450683594e+00
1.277935968570454861e+02 1.041302578125000000e+05 8.908672332763671875e+00
1.278140312428513425e+02 1.041082656250000000e+05 8.907938003540039062e+00
1.278344657286579604e+02 1.041054453125000000e+05 8.907928466796875000e+00
1.278549003142252332e+02 1.041125937500000000e+05 8.908136367797851562e+00
1.278753346997982590e+02 1.040917421875000000e+05 8.907509803771972656e+00
1.278957691852556309e+02 1.041211328125000000e+05 8.908495903015136719e+00
1.279162036705965875e+02 1.040964140625000000e+05 8.907567977905273438e+00
1.279366381559302681e+02 1.041054062500000000e+05 8.907904624938964844e+00
1.279570726411548094e+02 1.040962656250000000e+05 8.907531738281250000e+00
1.279775071262556594e+02 1.040886953125000000e+05 8.907273292541503906e+00
1.279979417112481315e+02 1.040980078125000000e+05 8.907652854919433594e+00
1.280183760961226653e+02 1.041017265625000000e+05 8.907749176025390625e+00
1.280388105809979606e+02 1.040819140625000000e+05 8.907042503356933594e+00
1.280592449657488032e+02 1.040873437500000000e+05 8.907118797302246094e+00
1.280796795503920293e+02 1.041001093750000000e+05 8.907613754272460938e+00
1.281001140350272181e+02 1.040869062500000000e+05 8.907139778137207031e+00
1.281205485195532674e+02 1.041017890625000000e+05 8.907691001892089844e+00
1.281409830039629014e+02 1.040839296875000000e+05 8.906972885131835938e+00
1.281614174882561201e+02 1.040991250000000000e+05 8.907502174377441406e+00
1.281818519725420629e+02 1.040930390625000000e+05 8.907479286193847656e+00
1.282022863566016895e+02 1.040868593750000000e+05 8.907050132751464844e+00
1.282227209406555630e+02 1.040933671875000000e+05 8.907336235046386719e+00
1.282431554247159511e+02 1.041037656250000000e+05 8.907855987548828125e+00
1.282635898085427471e+02 1.040884765625000000e+05 8.907212257385253906e+00
1.282840243923710659e+02 1.041054609375000000e+05 8.907677650451660156e+00
1.283044588760749320e+02 1.040722265625000000e+05 8.906549453735351562e+00
1.283248932596688974e+02 1.040770546875000000e+05 8.906682014465332031e+00
1.283657623266190058e+02 1.040908593750000000e+05 8.907253265380859375e+00
1.283861968099809019e+02 1.040867343750000000e+05 8.907001495361328125e+00
1.284066312932263827e+02 1.040957031250000000e+05 8.907265663146972656e+00
1.284270657763481722e+02 1.040834453125000000e+05 8.906787872314453125e+00
1.284475002594772377e+02 1.040900625000000000e+05 8.907089233398437500e+00
1.284679347424826119e+02 1.040774296875000000e+05 8.906919479370117188e+00
1.284883691253780853e+02 1.040752968750000000e+05 8.906653404235839844e+00
1.285088037081586663e+02 1.040848828125000000e+05 8.907546997070312500e+00
1.285292381908220705e+02 1.040763671875000000e+05 8.906605720520019531e+00
1.285496725734774373e+02 1.040665546875000000e+05 8.906223297119140625e+00
1.285701071560251876e+02 1.040981328125000000e+05 8.907360076904296875e+00
1.285905416384484852e+02 1.040760156250000000e+05 8.906548500061035156e+00
1.286109760208782973e+02 1.040647812500000000e+05 8.907490730285644531e+00
1.286314105030760402e+02 1.040854375000000000e+05 8.908144950866699219e+00
1.286518450852745445e+02 1.040774609375000000e+05 8.907893180847167969e+00
1.286722795673485962e+02 1.040629609375000000e+05 8.906086921691894531e+00
1.286927139494291623e+02 1.040903593750000000e+05 8.908308029174804688e+00
1.287131485312711447e+02 1.040747187500000000e+05 8.907715797424316406e+00
1.287335830131196417e+02 1.040843828125000000e+05 8.906865119934082031e+00
1.287540173948509619e+02 1.040893437500000000e+05 8.908290863037109375e+00
1.287744518764666282e+02 1.041204296875000000e+05 8.910506248474121094e+00
1.288153208394578542e+02 1.040747812500000000e+05 8.908001899719238281e+00
1.288357553208334139e+02 1.040799843750000000e+05 8.907249450683593750e+00
1.288561898020998342e+02 1.040736796875000000e+05 8.906458854675292969e+00
1.288766242832498392e+02 1.040839921875000000e+05 8.906878471374511719e+00
1.288970587643998442e+02 1.040810390625000000e+05 8.906733512878417969e+00
1.289174932453097426e+02 1.040743671875000000e+05 8.907622337341308594e+00
1.289379277262269170e+02 1.040752578125000000e+05 8.907606124877929688e+00
1.289583622071368154e+02 1.040681015625000000e+05 8.907469749450683594e+00
1.289787966878211591e+02 1.040610390625000000e+05 8.907321929931640625e+00
1.289992310683883261e+02 1.041017968750000000e+05 8.908650398254394531e+00
1.290196656489570159e+02 1.040713906250000000e+05 8.907698631286621094e+00
1.290401001294012531e+02 1.040854687500000000e+05 8.908092498779296875e+00
1.290605345097355894e+02 1.040753125000000000e+05 8.907731056213378906e+00
1.290809690900641726e+02 1.040747812500000000e+05 8.907712936401367188e+00
1.291014035701664397e+02 1.041022500000000000e+05 8.908727645874023438e+00
1.291218380502687069e+02 1.040818359375000000e+05 8.908009529113769531e+00
1.291422724302537972e+02 1.040715546875000000e+05 8.907481193542480469e+00
1.291627070101167192e+02 1.040612187500000000e+05 8.907290458679199219e+00
1.291831414898697403e+02 1.040629296875000000e+05 8.907316207885742188e+00
1.292035758696220000e+02 1.040796953125000000e+05 8.907918930053710938e+00
1.292240104492520913e+02 1.040678828125000000e+05 8.907574653625488281e+00
1.292444449287722819e+02 1.040706562500000000e+05 8.907540321350097656e+00
1.292648793081752956e+02 1.040639062500000000e+05 8.907294273376464844e+00
1.292853137875717948e+02 1.039896250000000000e+05 8.904779434204101562e+00
1.293057483667435008e+02 1.035318359375000000e+05 8.885952949523925781e+00
1.293261827459136839e+02 1.033755625000000000e+05 8.880419731140136719e+00
1.293466172249609372e+02 1.033350546875000000e+05 8.877789497375488281e+00
1.293670518038998125e+02 1.032867968750000000e+05 8.877399444580078125e+00
1.293874861827207496e+02 1.032923671875000000e+05 8.877507209777832031e+00
1.294079206615351723e+02 1.033026328125000000e+05 8.877853393554687500e+00
1.294283551402404555e+02 1.033160625000000000e+05 8.878373146057128906e+00
1.294487897188228089e+02 1.033711093750000000e+05 8.880259513854980469e+00
1.294692240972945001e+02 1.034382578125000000e+05 8.882582664489746094e+00
1.294896585756505374e+02 1.038319140625000000e+05 8.896795272827148438e+00
1.295100931540073361e+02 1.040148828125000000e+05 8.907065391540527344e+00
1.295305275321225054e+02 1.040602187500000000e+05 8.907368659973144531e+00
1.295509620102457120e+02 1.040839296875000000e+05 8.908031463623046875e+00
1.295713964882525033e+02 1.040745859375000000e+05 8.907761573791503906e+00
1.295918309662520187e+02 1.040727968750000000e+05 8.907606124877929688e+00
1.296122654440259794e+02 1.040730546875000000e+05 8.907701492309570312e+00
1.296326999217999401e+02 1.040531562500000000e+05 8.906923294067382812e+00
1.296531343994502095e+02 1.040631328125000000e+05 8.907283782958984375e+00
1.296735688768749242e+02 1.040694218750000000e+05 8.907493591308593750e+00
1.296940033544160542e+02 1.040686484375000000e+05 8.907526016235351562e+00
1.297144378317170776e+02 1.040710546875000000e+05 8.907529830932617188e+00
1.297348723090253770e+02 1.040859296875000000e+05 8.908061981201171875e+00
1.297553067861008458e+02 1.040337968750000000e+05 8.906306266784667969e+00
1.297757412631690386e+02 1.040770312500000000e+05 8.907639503479003906e+00
1.297961758401288535e+02 1.040682343750000000e+05 8.907326698303222656e+00
1.298166102170871454e+02 1.040608515625000000e+05 8.907213211059570312e+00
1.298370446938060923e+02 1.040473515625000000e+05 8.906756401062011719e+00
1.298574791705323150e+02 1.040593593750000000e+05 8.907097816467285156e+00
1.298779136470257072e+02 1.040614375000000000e+05 8.907196044921875000e+00
1.298983481235118234e+02 1.040678906250000000e+05 8.907367706298828125e+00
1.299187826000052155e+02 1.040698750000000000e+05 8.907502174377441406e+00
1.299392170762657770e+02 1.040627265625000000e+05 8.907308578491210938e+00
1.299596515524026472e+02 1.040568125000000000e+05 8.907003402709960938e+00
1.299800860285467934e+02 1.040776406250000000e+05 8.907730102539062500e+00
1.300005204045737628e+02 1.040546640625000000e+05 8.907005310058593750e+00
1.300209549804785638e+02 1.040529531250000000e+05 8.906941413879394531e+00
1.300413894562734640e+02 1.040391796875000000e+05 8.906403541564941406e+00
1.300618238319511875e+02 1.040455000000000000e+05 8.906644821166992188e+00
1.300822583076223964e+02 1.040642578125000000e+05 8.907311439514160156e+00
1.301026928830688121e+02 1.040547890625000000e+05 8.906945228576660156e+00
1.301231272585137049e+02 1.040674609375000000e+05 8.907290458679199219e+00
1.301435617338356678e+02 1.040571250000000000e+05 8.907048225402832031e+00
1.301639963090492529e+02 1.040700703125000000e+05 8.907422065734863281e+00
1.301844307842620765e+02 1.040589218750000000e+05 8.907001495361328125e+00
1.302048651592340320e+02 1.040623046875000000e+05 8.907098770141601562e+00
1.302252996342140250e+02 1.040757500000000000e+05 8.907611846923828125e+00
1.302457342089619488e+02 1.040754843750000000e+05 8.907639503479003906e+00
